0 info it worked if it ends with ok
1 verbose cli [ '/usr/bin/node',
1 verbose cli   '/usr/bin/npm',
1 verbose cli   'install',
1 verbose cli   'sprintf-js',
1 verbose cli   '--save' ]
2 info using npm@1.4.28
3 info using node@v0.10.37
4 verbose node symlink /usr/bin/node
5 verbose readDependencies using package.json deps
6 verbose cache add [ 'sprintf-js', null ]
7 verbose cache add name=undefined spec="sprintf-js" args=["sprintf-js",null]
8 verbose parsed url { protocol: null,
8 verbose parsed url   slashes: null,
8 verbose parsed url   auth: null,
8 verbose parsed url   host: null,
8 verbose parsed url   port: null,
8 verbose parsed url   hostname: null,
8 verbose parsed url   hash: null,
8 verbose parsed url   search: null,
8 verbose parsed url   query: null,
8 verbose parsed url   pathname: 'sprintf-js',
8 verbose parsed url   path: 'sprintf-js',
8 verbose parsed url   href: 'sprintf-js' }
9 silly lockFile 7c2fff98-sprintf-js sprintf-js
10 verbose lock sprintf-js /home/chris/.npm/7c2fff98-sprintf-js.lock
11 silly lockFile 7c2fff98-sprintf-js sprintf-js
12 silly lockFile 7c2fff98-sprintf-js sprintf-js
13 verbose addNamed [ 'sprintf-js', '' ]
14 verbose addNamed [ null, '*' ]
15 silly lockFile d2b91143-sprintf-js sprintf-js@
16 verbose lock sprintf-js@ /home/chris/.npm/d2b91143-sprintf-js.lock
17 silly addNameRange { name: 'sprintf-js', range: '*', hasData: false }
18 verbose request where is /sprintf-js
19 verbose request registry https://registry.npmjs.org/
20 verbose request id 2a7bf40c59aeb65f
21 verbose url raw /sprintf-js
22 verbose url resolving [ 'https://registry.npmjs.org/', './sprintf-js' ]
23 verbose url resolved https://registry.npmjs.org/sprintf-js
24 verbose request where is https://registry.npmjs.org/sprintf-js
25 info trying registry request attempt 1 at 18:53:59
26 verbose etag "2H5398UE6RFC5NZJFHTUTCJ7J"
27 http GET https://registry.npmjs.org/sprintf-js
28 http 200 https://registry.npmjs.org/sprintf-js
29 silly registry.get cb [ 200,
29 silly registry.get   { server: 'CouchDB/1.5.0 (Erlang OTP/R16B03)',
29 silly registry.get     etag: '"8IS7CPWXHJPOB2URA0YJSP98R"',
29 silly registry.get     'content-type': 'application/json',
29 silly registry.get     'cache-control': 'max-age=60',
29 silly registry.get     'content-length': '9721',
29 silly registry.get     'accept-ranges': 'bytes',
29 silly registry.get     date: 'Sat, 25 Jul 2015 17:54:00 GMT',
29 silly registry.get     via: '1.1 varnish',
29 silly registry.get     age: '24',
29 silly registry.get     connection: 'keep-alive',
29 silly registry.get     'x-served-by': 'cache-lhr6326-LHR',
29 silly registry.get     'x-cache': 'HIT',
29 silly registry.get     'x-cache-hits': '28',
29 silly registry.get     'x-timer': 'S1437846840.476276,VS0,VE0',
29 silly registry.get     vary: 'Accept' } ]
30 silly addNameRange number 2 { name: 'sprintf-js', range: '*', hasData: true }
31 silly addNameRange versions [ 'sprintf-js', [ '0.0.7', '1.0.1', '1.0.2', '1.0.3' ] ]
32 verbose addNamed [ 'sprintf-js', '1.0.3' ]
33 verbose addNamed [ '1.0.3', '1.0.3' ]
34 silly lockFile 99cde264-sprintf-js-1-0-3 sprintf-js@1.0.3
35 verbose lock sprintf-js@1.0.3 /home/chris/.npm/99cde264-sprintf-js-1-0-3.lock
36 silly lockFile 6da24786--sprintf-js-sprintf-js-1-0-3-tgz https://registry.npmjs.org/sprintf-js/-/sprintf-js-1.0.3.tgz
37 verbose lock https://registry.npmjs.org/sprintf-js/-/sprintf-js-1.0.3.tgz /home/chris/.npm/6da24786--sprintf-js-sprintf-js-1-0-3-tgz.lock
38 verbose addRemoteTarball [ 'https://registry.npmjs.org/sprintf-js/-/sprintf-js-1.0.3.tgz',
38 verbose addRemoteTarball   '04e6926f662895354f3dd015203633b857297e2c' ]
39 info retry fetch attempt 1 at 18:54:00
40 verbose fetch to= /tmp/npm-32306-1AFm2bTL/registry.npmjs.org/sprintf-js/-/sprintf-js-1.0.3.tgz
41 http GET https://registry.npmjs.org/sprintf-js/-/sprintf-js-1.0.3.tgz
42 http 200 https://registry.npmjs.org/sprintf-js/-/sprintf-js-1.0.3.tgz
43 silly lockFile 6da24786--sprintf-js-sprintf-js-1-0-3-tgz https://registry.npmjs.org/sprintf-js/-/sprintf-js-1.0.3.tgz
44 silly lockFile 6da24786--sprintf-js-sprintf-js-1-0-3-tgz https://registry.npmjs.org/sprintf-js/-/sprintf-js-1.0.3.tgz
45 silly lockFile 99cde264-sprintf-js-1-0-3 sprintf-js@1.0.3
46 silly lockFile 99cde264-sprintf-js-1-0-3 sprintf-js@1.0.3
47 silly lockFile d2b91143-sprintf-js sprintf-js@
48 silly lockFile d2b91143-sprintf-js sprintf-js@
49 error Error: EACCES, mkdir '/home/chris/.npm/sprintf-js/1.0.3'
49 error  { [Error: EACCES, mkdir '/home/chris/.npm/sprintf-js/1.0.3']
49 error   errno: 3,
49 error   code: 'EACCES',
49 error   path: '/home/chris/.npm/sprintf-js/1.0.3',
49 error   parent: 'catbot' }
50 error Please try running this command again as root/Administrator.
51 error System Linux 3.16.0-41-generic
52 error command "/usr/bin/node" "/usr/bin/npm" "install" "sprintf-js" "--save"
53 error cwd /home/chris/slackbot
54 error node -v v0.10.37
55 error npm -v 1.4.28
56 error path /home/chris/.npm/sprintf-js/1.0.3
57 error code EACCES
58 error errno 3
59 error stack Error: EACCES, mkdir '/home/chris/.npm/sprintf-js/1.0.3'
60 verbose exit [ 3, true ]
